<?xml version="1.0" encoding="UTF-8"?>
<!-- Generated by org.testng.reporters.JUnitReportReporter -->
<testsuite hostname="A4G505-MacBook-Pro.local" failures="0" tests="1" name="test.Test_Delete" time="1.823" errors="0" timestamp="2023-11-21T17:53:30 IST" skipped="0">
  <testcase classname="test.Test_Delete" name="test_4_delete" time="1.823"/>
</testsuite> <!-- test.Test_Delete -->
