<?xml version="1.0" encoding="UTF-8"?>
<!-- Generated by org.testng.reporters.JUnitReportReporter -->
<testsuite hostname="A4G505-MacBook-Pro.local" failures="0" tests="2" name="test.Test_Get" time="2.207" errors="0" timestamp="2023-11-21T17:53:47 IST" skipped="0">
  <testcase classname="test.Test_Get" name="test_01_get" time="1.923"/>
  <testcase classname="test.Test_Get" name="test_02_get" time="0.284"/>
</testsuite> <!-- test.Test_Get -->
