<?xml version="1.0" encoding="UTF-8"?>
<!-- Generated by org.testng.reporters.JUnitReportReporter -->
<testsuite hostname="A4G505-MacBook-Pro.local" failures="0" tests="1" name="test.Test_Post" time="1.612" errors="0" timestamp="2023-11-21T17:54:33 IST" skipped="0">
  <testcase classname="test.Test_Post" name="test_03_post" time="1.612"/>
</testsuite> <!-- test.Test_Post -->
