<?xml version="1.0" encoding="UTF-8"?>
<!-- Generated by org.testng.reporters.JUnitReportReporter -->
<testsuite hostname="A4G505-MacBook-Pro.local" failures="0" tests="2" name="test.Test_Put_Patch" time="2.557" errors="0" timestamp="2023-11-21T17:55:21 IST" skipped="0">
  <testcase classname="test.Test_Put_Patch" name="test_4_put" time="1.843"/>
  <testcase classname="test.Test_Put_Patch" name="test_5_patch" time="0.714"/>
</testsuite> <!-- test.Test_Put_Patch -->
